[      18ms] [ERROR] Loading the script 'https://analytics.ownerly.xyz/script.js' violates the following Content Security Policy directive: "script-src 'self' 'unsafe-inline' 'unsafe-eval'". Note that 'script-src-elem' was not explicitly set, so 'script-src' is used as a fallback. The action has been blocked. @ http://localhost:3001/compatibility:0
[     382ms] [ERROR] A tree hydrated but some attributes of the server rendered HTML didn't match the client properties. This won't be patched up. This can happen if a SSR-ed Client Component used:

- A server/client branch `if (typeof window !== 'undefined')`.
- Variable input such as `Date.now()` or `Math.random()` which changes each time it's called.
- Date formatting in a user's locale which doesn't match the server.
- External changing data without sending a snapshot of it along with the HTML.
- Invalid HTML tag nesting.

It can also happen if the client has a browser extension installed which messes with the HTML before React loaded.

%s%s https://react.dev/link/hydration-mismatch 

  ...
    <div className="relative z...">
      <motion.div>
      <AnimatePresence mode="wait">
        <PresenceChild isPresent={true} initial={undefined} custom={undefined} presenceAffectsLayout={true} mode="wait" ...>
          <PopChild pop={false} isPresent={true} anchorX="left" anchorY="top" root={undefined}>
            <PopChildMeasure isPresent={true} childRef={{current:null}} sizeRef={{...}} pop={false}>
              <motion.div initial={{opacity:0}} animate={{opacity:1}} exit={{opacity:0}} transition={{duration:0.3}}>
                <div style={{opacity:0}} ref={function useMotionRef.useCallback}>
                  <div className="grid gap-6...">
                    <div>
                      <BirthDataForm label="Your Details" onSubmit={function bound dispatchSetState} ...>
                        <div className="glass-card...">
                          <h3>
                          <div>
                          <div className="space-y-2">
                            <Label>
                            <Input id="birthDate-..." type="text" placeholder="Select dat..." value="" ...>
                              <input
+                               type="text"
-                               type="date"
                                data-slot="input"
+                               className="file:text-foreground placeholder:text-muted-foreground selection:bg-primary..."
-                               className="file:text-foreground placeholder:text-muted-foreground selection:bg-primary..."
                                id="birthDate-Your Details"
+                               placeholder="Select date of birth"
-                               placeholder={null}
                                value=""
                                onFocus={function onFocus}
                                onBlur={function onBlur}
                                onChange={function onChange}
                                max="2026-03-20"
                                autoComplete="off"
                              >
                          ...
                    <div>
                      <BirthDataForm label="Their Details" onSubmit={function bound dispatchSetState} ...>
                        <div className="glass-card...">
                          <h3>
                          <div>
                          <div className="space-y-2">
                            <Label>
                            <Input id="birthDate-..." type="text" placeholder="Select dat..." value="" ...>
                              <input
+                               type="text"
-                               type="date"
                                data-slot="input"
+                               className="file:text-foreground placeholder:text-muted-foreground selection:bg-primary..."
-                               className="file:text-foreground placeholder:text-muted-foreground selection:bg-primary..."
                                id="birthDate-Their Details"
+                               placeholder="Select date of birth"
-                               placeholder={null}
                                value=""
                                onFocus={function onFocus}
                                onBlur={function onBlur}
                                onChange={function onChange}
                                max="2026-03-20"
                                autoComplete="off"
                              >
                          ...
                  ...
 @ http://localhost:3001/_next/static/chunks/node_modules_next_dist_f3530cac._.js:3127
[     385ms] [ERROR] Loading the script 'https://analytics.ownerly.xyz/script.js' violates the following Content Security Policy directive: "script-src 'self' 'unsafe-inline' 'unsafe-eval'". Note that 'script-src-elem' was not explicitly set, so 'script-src' is used as a fallback. The action has been blocked. @ http://localhost:3001/_next/static/chunks/node_modules_d84d2b4a._.js:177
[     582ms] [ERROR] Failed to load resource: the server responded with a status of 405 (Method Not Allowed) @ http://localhost:3001/api/compatibility?checksOnly=1:0
[     724ms] [ERROR] Failed to load resource: the server responded with a status of 405 (Method Not Allowed) @ http://localhost:3001/api/compatibility?checksOnly=1:0
[  728396ms] [ERROR] Failed to load resource: the server responded with a status of 503 (Service Unavailable) @ http://localhost:3001/api/compatibility:0
[  731588ms] [ERROR] Failed to load resource: the server responded with a status of 503 (Service Unavailable) @ http://localhost:3001/api/compatibility:0
[  851991ms] [ERROR] Loading the script 'https://analytics.ownerly.xyz/script.js' violates the following Content Security Policy directive: "script-src 'self' 'unsafe-inline' 'unsafe-eval'". Note that 'script-src-elem' was not explicitly set, so 'script-src' is used as a fallback. The action has been blocked. @ https://chartchemistry.com/:0
[  852236ms] [ERROR] Loading the script 'https://analytics.ownerly.xyz/script.js' violates the following Content Security Policy directive: "script-src 'self' 'unsafe-inline' 'unsafe-eval'". Note that 'script-src-elem' was not explicitly set, so 'script-src' is used as a fallback. The action has been blocked. @ https://chartchemistry.com/_next/static/chunks/ab49a11f793d5cbc.js?dpl=dpl_EUBTT3H74hXSegecAjgXYr6r6wrK:0
[  867012ms] [ERROR] Failed to load resource: the server responded with a status of 405 () @ https://chartchemistry.com/api/compatibility?checksOnly=1:0
[  869795ms] [ERROR] Failed to load resource: the server responded with a status of 405 () @ https://chartchemistry.com/api/compatibility?checksOnly=1:0
[  943647ms] [ERROR] Failed to load resource: the server responded with a status of 405 () @ https://chartchemistry.com/api/compatibility?checksOnly=1:0
[ 1086541ms] [ERROR] Failed to load resource: the server responded with a status of 405 () @ https://chartchemistry.com/api/compatibility?checksOnly=1:0
[ 1922190ms] [ERROR] Failed to load resource: the server responded with a status of 405 () @ https://chartchemistry.com/api/compatibility?checksOnly=1:0
[ 1929830ms] [ERROR] Failed to load resource: the server responded with a status of 405 () @ https://chartchemistry.com/api/compatibility?checksOnly=1:0
[ 1986973ms] [ERROR] Failed to load resource: the server responded with a status of 405 () @ https://chartchemistry.com/api/compatibility?checksOnly=1:0
