[    4482ms] [ERROR] Failed to load resource: the server responded with a status of 429 () @ https://www.google.com/sorry/index?continue=https://www.google.com/search%3Fq%3Dxhamster%26oq%3Dxhamster%26gs_lcrp%3DEgZjaHJvbWUyBggAEEUYOdIBCDIyMDZqMGoxqAIAsAIB%26sourceid%3Dchrome%26ie%3DUTF-8%26sei%3DhyG_ae-zBKSW5OMP96nG4QE&q=EgTRljelGIfD_M0GIjD-CAxVSHE3Ys5zFM6T2fV5OHd7_o3TyPKTI5sMy--X9y2Z9E5cRUhCvrQ26o-W_LEyAVJaAUM:0
[    4948ms] [WARNING] An iframe which has both allow-scripts and allow-same-origin for its sandbox attribute can escape its sandboxing. @ https://www.google.com/recaptcha/enterprise/anchor?ar=1&k=6LdLLIMbAAAAAIl-KLj9p1ePhM-4LCCDbjtJLqRO&co=aHR0cHM6Ly93d3cuZ29vZ2xlLmNvbTo0NDM.&hl=en&v=qm3PSRIx10pekcnS9DjGnjPW&size=normal&s=0InWEWl94h4n3v7J5ykaYpU03eEzQcZpW08MOefDGl-0vkZnnrSia7IQR8eVChOv9OF8dMCf55rtMsAq43D09z6OO_1V6VFpYG-NEVNXM4qJnSiitEpr5xUYwXXNoQmIvM0YBQ4kLdxY4lkhG0OA9yTZ9OkUxbEuOihv6ViTh6bpo26JBZzeaoK-L1Ac797BD_jwGo9gQOCSwrr_luzgrHG0cVflSigYjm_7bdA43_8ylMCd7vC8chQJFcVD01x2HxDOgdPvkSb1ujslXIlM8pIjaOW-pyg&anchor-ms=20000&execute-ms=30000&cb=ffx6llgmacqw:0
[    5203ms] ReferenceError: solveSimpleChallenge is not defined
    at onload (https://www.google.com/sorry/index?continue=https://www.google.com/search%3Fq%3Dxhamster%26oq%3Dxhamster%26gs_lcrp%3DEgZjaHJvbWUyBggAEEUYOdIBCDIyMDZqMGoxqAIAsAIB%26sourceid%3Dchrome%26ie%3DUTF-8%26sei%3DhyG_ae-zBKSW5OMP96nG4QE&q=EgTRljelGIfD_M0GIjD-CAxVSHE3Ys5zFM6T2fV5OHd7_o3TyPKTI5sMy--X9y2Z9E5cRUhCvrQ26o-W_LEyAVJaAUM:4:316)
[    5347ms] [WARNING] An iframe which has both allow-scripts and allow-same-origin for its sandbox attribute can escape its sandboxing. @ https://www.google.com/recaptcha/enterprise/bframe?hl=en&v=qm3PSRIx10pekcnS9DjGnjPW&k=6LdLLIMbAAAAAIl-KLj9p1ePhM-4LCCDbjtJLqRO&bft=0dAFcWeA6a__Ge_hmCa2HHzeGbMA7LbZL-oYDDIfJFNzplDmggzg3CIjmSlv9EPBjD1BOA3Pd9IqYnqQpAOhkQLQgyanePgj2cRg:0
[   15297ms] [WARNING] https://svelte.dev/e/hydration_mismatch @ https://static-ah.xhcdn.com/xh-desktop/js/v038cd6b86e.start.js:16
[   15962ms] [WARNING] [GSI_LOGGER]: Your client application uses one of the Google One Tap prompt UI status methods that may stop functioning when FedCM becomes mandatory. Refer to the migration guide to update your code accordingly and opt-in to FedCM to test your changes. Learn more: https://developers.google.com/identity/gsi/web/guides/fedcm-migration?s=dc#display_moment and https://developers.google.com/identity/gsi/web/guides/fedcm-migration?s=dc#skipped_moment @ https://accounts.google.com/gsi/client:80
[   16306ms] [ERROR] Provider's accounts list is empty. @ https://xhamster.com/:0
[   16712ms] [ERROR] [GSI_LOGGER]: FedCM get() rejects with NetworkError: Error retrieving a token. @ https://accounts.google.com/gsi/client:81
[   19323ms] [WARNING] [GSI_LOGGER]: Your client application uses one of the Google One Tap prompt UI status methods that may stop functioning when FedCM becomes mandatory. Refer to the migration guide to update your code accordingly and opt-in to FedCM to test your changes. Learn more: https://developers.google.com/identity/gsi/web/guides/fedcm-migration?s=dc#display_moment and https://developers.google.com/identity/gsi/web/guides/fedcm-migration?s=dc#skipped_moment @ https://accounts.google.com/gsi/client:80
[   19324ms] [ERROR] Not signed in with the identity provider. @ https://xhamster.com/videos/the-girl-who-knows-about-tinder-invites-her-friends-to-try-my-big-date-xhfqJgx:0
[   19776ms] [WARNING] An iframe which has both allow-scripts and allow-same-origin for its sandbox attribute can escape its sandboxing. @ https://lcdn.tsyndicate.com/sdk/v1/master.spot.v3.js:1
[   19779ms] [WARNING] An iframe which has both allow-scripts and allow-same-origin for its sandbox attribute can escape its sandboxing. @ https://lcdn.tsyndicate.com/sdk/v1/master.spot.v3.js:1
[   19782ms] [WARNING] An iframe which has both allow-scripts and allow-same-origin for its sandbox attribute can escape its sandboxing. @ https://lcdn.tsyndicate.com/sdk/v1/master.spot.v3.js:1
[   21067ms] [ERROR] [GSI_LOGGER]: FedCM get() rejects with NetworkError: Error retrieving a token. @ https://accounts.google.com/gsi/client:81
[   21201ms] [ERROR] Failed to load resource: the server responded with a status of 403 () @ https://www.sex4tokens.com/whitelabels/record_raw_hit/:0
[   21306ms] [ERROR] ERROR  Error recording whitelabel hit r: access denied
    at e.onload (https://web.static.mmcdn.com/cachebust/5283-prod-a0ead4c69f029d022adb.js:1:639461)
    at XMLHttpRequest.nrWrapper (https://www.sex4tokens.com/tours/3/?c=1&campaign=rcRkQ&gender=f&p=0&tag=smalltits&tour=x1Rd&track=sexfortokens-Xhamster-300x250-usa-desktop-footerA-2025&disable_sound=0:14:9110) @ https://www.sex4tokens.com/tours/3/?c=1&campaign=rcRkQ&gender=f&p=0&tag=smalltits&tour=x1Rd&track=sexfortokens-Xhamster-300x250-usa-desktop-footerA-2025&disable_sound=0:13
[  163138ms] [WARNING] Invalid keyframe value for property height: NaNpx @ https://static-ah.xhcdn.com/xh-desktop/js/v038cd6b86e.start.js:16
[  163139ms] [WARNING] Invalid keyframe value for property height: NaNpx @ https://static-ah.xhcdn.com/xh-desktop/js/v038cd6b86e.start.js:16
[  163196ms] [WARNING] Invalid keyframe value for property height: NaNpx @ https://static-ah.xhcdn.com/xh-desktop/js/v038cd6b86e.start.js:16
[  163196ms] [WARNING] Invalid keyframe value for property height: NaNpx @ https://static-ah.xhcdn.com/xh-desktop/js/v038cd6b86e.start.js:16
[  163196ms] [WARNING] Invalid keyframe value for property height: NaNpx @ https://static-ah.xhcdn.com/xh-desktop/js/v038cd6b86e.start.js:16
[  163196ms] [WARNING] Invalid keyframe value for property height: NaNpx @ https://static-ah.xhcdn.com/xh-desktop/js/v038cd6b86e.start.js:16
[  163196ms] [WARNING] Invalid keyframe value for property height: NaNpx @ https://static-ah.xhcdn.com/xh-desktop/js/v038cd6b86e.start.js:16
[  163196ms] [WARNING] Invalid keyframe value for property height: NaNpx @ https://static-ah.xhcdn.com/xh-desktop/js/v038cd6b86e.start.js:16
[  163196ms] [WARNING] Invalid keyframe value for property height: NaNpx @ https://static-ah.xhcdn.com/xh-desktop/js/v038cd6b86e.start.js:16
[  163196ms] [WARNING] Invalid keyframe value for property height: NaNpx @ https://static-ah.xhcdn.com/xh-desktop/js/v038cd6b86e.start.js:16
[  163196ms] [WARNING] Invalid keyframe value for property height: NaNpx @ https://static-ah.xhcdn.com/xh-desktop/js/v038cd6b86e.start.js:16
[  163196ms] [WARNING] Invalid keyframe value for property height: NaNpx @ https://static-ah.xhcdn.com/xh-desktop/js/v038cd6b86e.start.js:16
[  163196ms] [WARNING] Invalid keyframe value for property height: NaNpx @ https://static-ah.xhcdn.com/xh-desktop/js/v038cd6b86e.start.js:16
[  163196ms] [WARNING] Invalid keyframe value for property height: NaNpx @ https://static-ah.xhcdn.com/xh-desktop/js/v038cd6b86e.start.js:16
[  163196ms] [WARNING] Invalid keyframe value for property height: NaNpx @ https://static-ah.xhcdn.com/xh-desktop/js/v038cd6b86e.start.js:16
[  163196ms] [WARNING] Invalid keyframe value for property height: NaNpx @ https://static-ah.xhcdn.com/xh-desktop/js/v038cd6b86e.start.js:16
[  163196ms] [WARNING] Invalid keyframe value for property height: NaNpx @ https://static-ah.xhcdn.com/xh-desktop/js/v038cd6b86e.start.js:16
[  163196ms] [WARNING] Invalid keyframe value for property height: NaNpx @ https://static-ah.xhcdn.com/xh-desktop/js/v038cd6b86e.start.js:16
[  163196ms] [WARNING] Invalid keyframe value for property height: NaNpx @ https://static-ah.xhcdn.com/xh-desktop/js/v038cd6b86e.start.js:16
[  163196ms] [WARNING] Invalid keyframe value for property height: NaNpx @ https://static-ah.xhcdn.com/xh-desktop/js/v038cd6b86e.start.js:16
[  163196ms] [WARNING] Invalid keyframe value for property height: NaNpx @ https://static-ah.xhcdn.com/xh-desktop/js/v038cd6b86e.start.js:16
[  163196ms] [WARNING] Invalid keyframe value for property height: NaNpx @ https://static-ah.xhcdn.com/xh-desktop/js/v038cd6b86e.start.js:16
[  163196ms] [WARNING] Invalid keyframe value for property height: NaNpx @ https://static-ah.xhcdn.com/xh-desktop/js/v038cd6b86e.start.js:16
[  163196ms] [WARNING] Invalid keyframe value for property height: NaNpx @ https://static-ah.xhcdn.com/xh-desktop/js/v038cd6b86e.start.js:16
[  163196ms] [WARNING] Invalid keyframe value for property height: NaNpx @ https://static-ah.xhcdn.com/xh-desktop/js/v038cd6b86e.start.js:16
[  163196ms] [WARNING] Invalid keyframe value for property height: NaNpx @ https://static-ah.xhcdn.com/xh-desktop/js/v038cd6b86e.start.js:16
[  163196ms] [WARNING] Invalid keyframe value for property height: NaNpx @ https://static-ah.xhcdn.com/xh-desktop/js/v038cd6b86e.start.js:16
[  163197ms] [WARNING] Invalid keyframe value for property height: NaNpx @ https://static-ah.xhcdn.com/xh-desktop/js/v038cd6b86e.start.js:16
[  163197ms] [WARNING] Invalid keyframe value for property height: NaNpx @ https://static-ah.xhcdn.com/xh-desktop/js/v038cd6b86e.start.js:16
[  163197ms] [WARNING] Invalid keyframe value for property height: NaNpx @ https://static-ah.xhcdn.com/xh-desktop/js/v038cd6b86e.start.js:16
[  163197ms] [WARNING] Invalid keyframe value for property height: NaNpx @ https://static-ah.xhcdn.com/xh-desktop/js/v038cd6b86e.start.js:16
[  163197ms] [WARNING] Invalid keyframe value for property height: NaNpx @ https://static-ah.xhcdn.com/xh-desktop/js/v038cd6b86e.start.js:16
[  163197ms] [WARNING] Invalid keyframe value for property height: NaNpx @ https://static-ah.xhcdn.com/xh-desktop/js/v038cd6b86e.start.js:16
[  163197ms] [WARNING] Invalid keyframe value for property height: NaNpx @ https://static-ah.xhcdn.com/xh-desktop/js/v038cd6b86e.start.js:16
[  163197ms] [WARNING] Invalid keyframe value for property height: NaNpx @ https://static-ah.xhcdn.com/xh-desktop/js/v038cd6b86e.start.js:16
[  163197ms] [WARNING] Invalid keyframe value for property height: NaNpx @ https://static-ah.xhcdn.com/xh-desktop/js/v038cd6b86e.start.js:16
[  163197ms] [WARNING] Invalid keyframe value for property height: NaNpx @ https://static-ah.xhcdn.com/xh-desktop/js/v038cd6b86e.start.js:16
[  163197ms] [WARNING] Invalid keyframe value for property height: NaNpx @ https://static-ah.xhcdn.com/xh-desktop/js/v038cd6b86e.start.js:16
[  163197ms] [WARNING] Invalid keyframe value for property height: NaNpx @ https://static-ah.xhcdn.com/xh-desktop/js/v038cd6b86e.start.js:16
[  163197ms] [WARNING] Invalid keyframe value for property height: NaNpx @ https://static-ah.xhcdn.com/xh-desktop/js/v038cd6b86e.start.js:16
[  163197ms] [WARNING] Invalid keyframe value for property height: NaNpx @ https://static-ah.xhcdn.com/xh-desktop/js/v038cd6b86e.start.js:16
[  163197ms] [WARNING] Invalid keyframe value for property height: NaNpx @ https://static-ah.xhcdn.com/xh-desktop/js/v038cd6b86e.start.js:16
[  163197ms] [WARNING] Invalid keyframe value for property height: NaNpx @ https://static-ah.xhcdn.com/xh-desktop/js/v038cd6b86e.start.js:16
[  163197ms] [WARNING] Invalid keyframe value for property height: NaNpx @ https://static-ah.xhcdn.com/xh-desktop/js/v038cd6b86e.start.js:16
[  163197ms] [WARNING] Invalid keyframe value for property height: NaNpx @ https://static-ah.xhcdn.com/xh-desktop/js/v038cd6b86e.start.js:16
[  163197ms] [WARNING] Invalid keyframe value for property height: NaNpx @ https://static-ah.xhcdn.com/xh-desktop/js/v038cd6b86e.start.js:16
[  163197ms] [WARNING] Invalid keyframe value for property height: NaNpx @ https://static-ah.xhcdn.com/xh-desktop/js/v038cd6b86e.start.js:16
[  163197ms] [WARNING] Invalid keyframe value for property height: NaNpx @ https://static-ah.xhcdn.com/xh-desktop/js/v038cd6b86e.start.js:16
[  163197ms] [WARNING] Invalid keyframe value for property height: NaNpx @ https://static-ah.xhcdn.com/xh-desktop/js/v038cd6b86e.start.js:16
[  163197ms] [WARNING] Invalid keyframe value for property height: NaNpx @ https://static-ah.xhcdn.com/xh-desktop/js/v038cd6b86e.start.js:16
[  163197ms] [WARNING] Invalid keyframe value for property height: NaNpx @ https://static-ah.xhcdn.com/xh-desktop/js/v038cd6b86e.start.js:16
[  163197ms] [WARNING] Invalid keyframe value for property height: NaNpx @ https://static-ah.xhcdn.com/xh-desktop/js/v038cd6b86e.start.js:16
[  163412ms] [WARNING] An iframe which has both allow-scripts and allow-same-origin for its sandbox attribute can escape its sandboxing. @ https://lcdn.tsyndicate.com/sdk/v1/master.spot.v3.js:1
[  163528ms] [WARNING] [GSI_LOGGER]: Your client application uses one of the Google One Tap prompt UI status methods that may stop functioning when FedCM becomes mandatory. Refer to the migration guide to update your code accordingly and opt-in to FedCM to test your changes. Learn more: https://developers.google.com/identity/gsi/web/guides/fedcm-migration?s=dc#display_moment and https://developers.google.com/identity/gsi/web/guides/fedcm-migration?s=dc#skipped_moment @ https://accounts.google.com/gsi/client:80
[  163532ms] [ERROR] Not signed in with the identity provider. @ https://xhamster.com/search/tinder:0
[  165498ms] [ERROR] [GSI_LOGGER]: FedCM get() rejects with NetworkError: Error retrieving a token. @ https://accounts.google.com/gsi/client:81
[  168759ms] [WARNING] An iframe which has both allow-scripts and allow-same-origin for its sandbox attribute can escape its sandboxing. @ https://lcdn.tsyndicate.com/sdk/v1/master.spot.v3.js:1
[  168763ms] [WARNING] An iframe which has both allow-scripts and allow-same-origin for its sandbox attribute can escape its sandboxing. @ https://lcdn.tsyndicate.com/sdk/v1/master.spot.v3.js:1
[  168765ms] [WARNING] An iframe which has both allow-scripts and allow-same-origin for its sandbox attribute can escape its sandboxing. @ https://lcdn.tsyndicate.com/sdk/v1/master.spot.v3.js:1
[  168865ms] [WARNING] [GSI_LOGGER]: Your client application uses one of the Google One Tap prompt UI status methods that may stop functioning when FedCM becomes mandatory. Refer to the migration guide to update your code accordingly and opt-in to FedCM to test your changes. Learn more: https://developers.google.com/identity/gsi/web/guides/fedcm-migration?s=dc#display_moment and https://developers.google.com/identity/gsi/web/guides/fedcm-migration?s=dc#skipped_moment @ https://accounts.google.com/gsi/client:80
[  168866ms] [ERROR] Not signed in with the identity provider. @ https://xhamster.com/videos/hot-tinder-fucking-7955521:0
[  169054ms] [WARNING] An iframe which has both allow-scripts and allow-same-origin for its sandbox attribute can escape its sandboxing. @ https://lcdn.tsyndicate.com/sdk/v1/master.spot.v3.js:1
[  169058ms] [WARNING] An iframe which has both allow-scripts and allow-same-origin for its sandbox attribute can escape its sandboxing. @ https://lcdn.tsyndicate.com/sdk/v1/master.spot.v3.js:1
[  172774ms] [ERROR] [GSI_LOGGER]: FedCM get() rejects with NetworkError: Error retrieving a token. @ https://accounts.google.com/gsi/client:81
[  294714ms] [WARNING] An iframe which has both allow-scripts and allow-same-origin for its sandbox attribute can escape its sandboxing. @ https://lcdn.tsyndicate.com/sdk/v1/master.spot.v3.js:1
