[ 2593689ms] [WARNING] Warning: Missing `Description` or `aria-describedby={undefined}` for {DialogContent}. @ https://chartchemistry.com/_next/static/chunks/35625ff3a832ebd2.js?dpl=dpl_4zczS2zPi7pFs3KyyVmSdTafj8Na:12
[ 2599905ms] [WARNING] Warning: Missing `Description` or `aria-describedby={undefined}` for {DialogContent}. @ https://chartchemistry.com/_next/static/chunks/35625ff3a832ebd2.js?dpl=dpl_4zczS2zPi7pFs3KyyVmSdTafj8Na:12
[ 2601722ms] [WARNING] Warning: Missing `Description` or `aria-describedby={undefined}` for {DialogContent}. @ https://chartchemistry.com/_next/static/chunks/35625ff3a832ebd2.js?dpl=dpl_4zczS2zPi7pFs3KyyVmSdTafj8Na:12
[ 2603170ms] [WARNING] Warning: Missing `Description` or `aria-describedby={undefined}` for {DialogContent}. @ https://chartchemistry.com/_next/static/chunks/35625ff3a832ebd2.js?dpl=dpl_4zczS2zPi7pFs3KyyVmSdTafj8Na:12
[ 2716145ms] [WARNING] Warning: Missing `Description` or `aria-describedby={undefined}` for {DialogContent}. @ https://chartchemistry.com/_next/static/chunks/35625ff3a832ebd2.js?dpl=dpl_4zczS2zPi7pFs3KyyVmSdTafj8Na:12
[ 3230116ms] [WARNING] Warning: Missing `Description` or `aria-describedby={undefined}` for {DialogContent}. @ https://chartchemistry.com/_next/static/chunks/35625ff3a832ebd2.js?dpl=dpl_D8NYg9E3vscRot6hK1ExrN5FLTXx:12
[ 4822624ms] [ERROR] [next-auth][error][CLIENT_FETCH_ERROR] 
https://next-auth.js.org/errors#client_fetch_error Failed to fetch {error: Object, url: /api/auth/session, message: Failed to fetch} @ https://chartchemistry.com/_next/static/chunks/bda31313133eaf1b.js?dpl=dpl_CPrmJQ3fFHaJwkoYLnLKH134fiDT:0
[ 4822848ms] [ERROR] [next-auth][error][CLIENT_FETCH_ERROR] 
https://next-auth.js.org/errors#client_fetch_error Failed to fetch {error: Object, url: /api/auth/session, message: Failed to fetch} @ https://chartchemistry.com/_next/static/chunks/bda31313133eaf1b.js?dpl=dpl_CPrmJQ3fFHaJwkoYLnLKH134fiDT:0
[ 4823040ms] [ERROR] [next-auth][error][CLIENT_FETCH_ERROR] 
https://next-auth.js.org/errors#client_fetch_error Failed to fetch {error: Object, url: /api/auth/session, message: Failed to fetch} @ https://chartchemistry.com/_next/static/chunks/bda31313133eaf1b.js?dpl=dpl_CPrmJQ3fFHaJwkoYLnLKH134fiDT:0
[ 4823200ms] [ERROR] [next-auth][error][CLIENT_FETCH_ERROR] 
https://next-auth.js.org/errors#client_fetch_error Failed to fetch {error: Object, url: /api/auth/session, message: Failed to fetch} @ https://chartchemistry.com/_next/static/chunks/bda31313133eaf1b.js?dpl=dpl_CPrmJQ3fFHaJwkoYLnLKH134fiDT:0
[ 4823372ms] [ERROR] [next-auth][error][CLIENT_FETCH_ERROR] 
https://next-auth.js.org/errors#client_fetch_error Failed to fetch {error: Object, url: /api/auth/session, message: Failed to fetch} @ https://chartchemistry.com/_next/static/chunks/bda31313133eaf1b.js?dpl=dpl_CPrmJQ3fFHaJwkoYLnLKH134fiDT:0
[ 4823487ms] [ERROR] [next-auth][error][CLIENT_FETCH_ERROR] 
https://next-auth.js.org/errors#client_fetch_error Failed to fetch {error: Object, url: /api/auth/session, message: Failed to fetch} @ https://chartchemistry.com/_next/static/chunks/bda31313133eaf1b.js?dpl=dpl_CPrmJQ3fFHaJwkoYLnLKH134fiDT:0
[ 4823737ms] [ERROR] [next-auth][error][CLIENT_FETCH_ERROR] 
https://next-auth.js.org/errors#client_fetch_error Failed to fetch {error: Object, url: /api/auth/session, message: Failed to fetch} @ https://chartchemistry.com/_next/static/chunks/bda31313133eaf1b.js?dpl=dpl_CPrmJQ3fFHaJwkoYLnLKH134fiDT:0
[ 4824149ms] [ERROR] [next-auth][error][CLIENT_FETCH_ERROR] 
https://next-auth.js.org/errors#client_fetch_error Failed to fetch {error: Object, url: /api/auth/session, message: Failed to fetch} @ https://chartchemistry.com/_next/static/chunks/bda31313133eaf1b.js?dpl=dpl_CPrmJQ3fFHaJwkoYLnLKH134fiDT:0
[ 4946681ms] [ERROR] [next-auth][error][CLIENT_FETCH_ERROR] 
https://next-auth.js.org/errors#client_fetch_error Failed to fetch {error: Object, url: /api/auth/session, message: Failed to fetch} @ https://chartchemistry.com/_next/static/chunks/85f05e09767d7df9.js?dpl=dpl_CQj8qcdwp47zJZm1A1W2CwuLfjb9:1
[ 4946964ms] [ERROR] [next-auth][error][CLIENT_FETCH_ERROR] 
https://next-auth.js.org/errors#client_fetch_error Failed to fetch {error: Object, url: /api/auth/session, message: Failed to fetch} @ https://chartchemistry.com/_next/static/chunks/85f05e09767d7df9.js?dpl=dpl_CQj8qcdwp47zJZm1A1W2CwuLfjb9:1
[ 4947352ms] [ERROR] [next-auth][error][CLIENT_FETCH_ERROR] 
https://next-auth.js.org/errors#client_fetch_error Failed to fetch {error: Object, url: /api/auth/session, message: Failed to fetch} @ https://chartchemistry.com/_next/static/chunks/85f05e09767d7df9.js?dpl=dpl_CQj8qcdwp47zJZm1A1W2CwuLfjb9:1
[ 4947484ms] [ERROR] [next-auth][error][CLIENT_FETCH_ERROR] 
https://next-auth.js.org/errors#client_fetch_error Failed to fetch {error: Object, url: /api/auth/session, message: Failed to fetch} @ https://chartchemistry.com/_next/static/chunks/85f05e09767d7df9.js?dpl=dpl_CQj8qcdwp47zJZm1A1W2CwuLfjb9:1
[ 4947733ms] [ERROR] [next-auth][error][CLIENT_FETCH_ERROR] 
https://next-auth.js.org/errors#client_fetch_error Failed to fetch {error: Object, url: /api/auth/session, message: Failed to fetch} @ https://chartchemistry.com/_next/static/chunks/85f05e09767d7df9.js?dpl=dpl_CQj8qcdwp47zJZm1A1W2CwuLfjb9:1
[ 4947848ms] [ERROR] [next-auth][error][CLIENT_FETCH_ERROR] 
https://next-auth.js.org/errors#client_fetch_error Failed to fetch {error: Object, url: /api/auth/session, message: Failed to fetch} @ https://chartchemistry.com/_next/static/chunks/85f05e09767d7df9.js?dpl=dpl_CQj8qcdwp47zJZm1A1W2CwuLfjb9:1
[ 4947993ms] [ERROR] [next-auth][error][CLIENT_FETCH_ERROR] 
https://next-auth.js.org/errors#client_fetch_error Failed to fetch {error: Object, url: /api/auth/session, message: Failed to fetch} @ https://chartchemistry.com/_next/static/chunks/85f05e09767d7df9.js?dpl=dpl_CQj8qcdwp47zJZm1A1W2CwuLfjb9:1
[ 4948153ms] [ERROR] [next-auth][error][CLIENT_FETCH_ERROR] 
https://next-auth.js.org/errors#client_fetch_error Failed to fetch {error: Object, url: /api/auth/session, message: Failed to fetch} @ https://chartchemistry.com/_next/static/chunks/85f05e09767d7df9.js?dpl=dpl_CQj8qcdwp47zJZm1A1W2CwuLfjb9:1
[ 4948271ms] [ERROR] [next-auth][error][CLIENT_FETCH_ERROR] 
https://next-auth.js.org/errors#client_fetch_error Failed to fetch {error: Object, url: /api/auth/session, message: Failed to fetch} @ https://chartchemistry.com/_next/static/chunks/85f05e09767d7df9.js?dpl=dpl_CQj8qcdwp47zJZm1A1W2CwuLfjb9:1
[ 4948376ms] [ERROR] [next-auth][error][CLIENT_FETCH_ERROR] 
https://next-auth.js.org/errors#client_fetch_error Failed to fetch {error: Object, url: /api/auth/session, message: Failed to fetch} @ https://chartchemistry.com/_next/static/chunks/85f05e09767d7df9.js?dpl=dpl_CQj8qcdwp47zJZm1A1W2CwuLfjb9:1
[ 4948496ms] [ERROR] [next-auth][error][CLIENT_FETCH_ERROR] 
https://next-auth.js.org/errors#client_fetch_error Failed to fetch {error: Object, url: /api/auth/session, message: Failed to fetch} @ https://chartchemistry.com/_next/static/chunks/85f05e09767d7df9.js?dpl=dpl_CQj8qcdwp47zJZm1A1W2CwuLfjb9:1
